<?xml version="1.0" encoding="UTF-8"?>
<!-- Generated by org.testng.reporters.JUnitReportReporter -->
<testsuite hostname="DT40135" failures="0" tests="1" name="testCases.task" time="13.668" errors="0" timestamp="4 Dec 2020 22:48:15 GMT">
  <testcase classname="testCases.task" name="AutomationTest" time="13.668"/>
</testsuite> <!-- testCases.task -->
